TN:
SF:src/index.js
FN:6,(anonymous_0)
FN:13,(anonymous_1)
FN:17,(anonymous_2)
FNF:3
FNH:3
FNDA:2,(anonymous_0)
FNDA:1,(anonymous_1)
FNDA:5,(anonymous_2)
DA:6,1
DA:7,2
DA:8,2
DA:9,2
DA:10,2
DA:13,1
DA:14,1
DA:15,1
DA:16,1
DA:17,1
DA:18,5
DA:19,3
DA:20,2
DA:21,1
DA:23,1
DA:24,1
DA:25,1
DA:29,1
DA:32,5
DA:33,2
DA:35,5
DA:38,1
LF:22
LH:22
BRDA:18,0,0,3
BRDA:18,0,1,2
BRDA:19,1,0,2
BRDA:19,1,1,1
BRDA:20,2,0,1
BRDA:20,2,1,1
BRDA:23,3,0,1
BRDA:23,3,1,0
BRDA:32,4,0,2
BRDA:32,4,1,3
BRDA:32,5,0,5
BRDA:32,5,1,2
BRF:12
BRH:11
end_of_record
